<?xml version="1.0" encoding="UTF-8"?>
<testng-results ignored="0" total="1" passed="1" failed="0" skipped="0">
  <reporter-output>
  </reporter-output>
  <suite started-at="2025-12-09T14:42:14 IST" name="Suite" finished-at="2025-12-09T14:42:21 IST" duration-ms="7087">
    <groups>
    </groups>
    <test started-at="2025-12-09T14:42:14 IST" name="Test" finished-at="2025-12-09T14:42:21 IST" duration-ms="7087">
      <class name="tests.LoginTest">
        <test-method is-config="true" signature="launchBrowser()[pri:0, instance:tests.LoginTest@43bc63a3]" started-at="2025-12-09T14:42:14 IST" name="launchBrowser" finished-at="2025-12-09T14:42:17 IST" duration-ms="2228" status="PASS">
          <reporter-output>
          </reporter-output>
        </test-method> <!-- launchBrowser -->
        <test-method signature="verifyLogin()[pri:0, instance:tests.LoginTest@43bc63a3]" started-at="2025-12-09T14:42:17 IST" name="verifyLogin" finished-at="2025-12-09T14:42:21 IST" duration-ms="4645" status="PASS">
          <reporter-output>
          </reporter-output>
        </test-method> <!-- verifyLogin -->
        <test-method is-config="true" signature="closeBrowser()[pri:0, instance:tests.LoginTest@43bc63a3]" started-at="2025-12-09T14:42:21 IST" name="closeBrowser" finished-at="2025-12-09T14:42:21 IST" duration-ms="182" status="PASS">
          <reporter-output>
          </reporter-output>
        </test-method> <!-- closeBrowser -->
      </class> <!-- tests.LoginTest -->
    </test> <!-- Test -->
  </suite> <!-- Suite -->
</testng-results>
