<?xml version="1.0" encoding="UTF-8"?>
<testng-results ignored="0" total="1" passed="1" failed="0" skipped="0">
  <reporter-output>
  </reporter-output>
  <suite started-at="2025-12-09T12:27:35 IST" name="OrangeHRM Suite" finished-at="2025-12-09T12:27:48 IST" duration-ms="12943">
    <groups>
    </groups>
    <test started-at="2025-12-09T12:27:35 IST" name="Login Tests" finished-at="2025-12-09T12:27:48 IST" duration-ms="12943">
      <class name="tests.LoginTest">
        <test-method is-config="true" signature="launchBrowser()[pri:0, instance:tests.LoginTest@43bc63a3]" started-at="2025-12-09T12:27:35 IST" name="launchBrowser" finished-at="2025-12-09T12:27:41 IST" duration-ms="5234" status="PASS">
          <reporter-output>
          </reporter-output>
        </test-method> <!-- launchBrowser -->
        <test-method signature="verifyLogin()[pri:0, instance:tests.LoginTest@43bc63a3]" started-at="2025-12-09T12:27:41 IST" name="verifyLogin" finished-at="2025-12-09T12:27:48 IST" duration-ms="7128" status="PASS">
          <reporter-output>
          </reporter-output>
        </test-method> <!-- verifyLogin -->
        <test-method is-config="true" signature="closeBrowser()[pri:0, instance:tests.LoginTest@43bc63a3]" started-at="2025-12-09T12:27:48 IST" name="closeBrowser" finished-at="2025-12-09T12:27:48 IST" duration-ms="480" status="PASS">
          <reporter-output>
          </reporter-output>
        </test-method> <!-- closeBrowser -->
      </class> <!-- tests.LoginTest -->
    </test> <!-- Login Tests -->
  </suite> <!-- OrangeHRM Suite -->
</testng-results>
